[W 2024-02-13 13:30:05.503 ServerApp] A `_jupyter_server_extension_points` function was not found in notebook_shim. Instead, a `_jupyter_server_extension_paths` function was found and will be used for now. This function name will be deprecated in future releases of Jupyter Server.
[I 2024-02-13 13:30:05.505 ServerApp] jupyter_lsp | extension was successfully linked.
[I 2024-02-13 13:30:05.517 ServerApp] jupyter_server_terminals | extension was successfully linked.
[I 2024-02-13 13:30:05.529 ServerApp] jupyterlab | extension was successfully linked.
[I 2024-02-13 13:30:05.540 ServerApp] notebook | extension was successfully linked.
[I 2024-02-13 13:30:05.792 ServerApp] notebook_shim | extension was successfully linked.
[I 2024-02-13 13:30:05.830 ServerApp] notebook_shim | extension was successfully loaded.
[I 2024-02-13 13:30:05.832 ServerApp] jupyter_lsp | extension was successfully loaded.
[I 2024-02-13 13:30:05.833 ServerApp] jupyter_server_terminals | extension was successfully loaded.
[I 2024-02-13 13:30:05.836 LabApp] JupyterLab extension loaded from /export/scratch2/home/savvina/new_environment/conda/envs/elliot_env/lib/python3.8/site-packages/jupyterlab
[I 2024-02-13 13:30:05.836 LabApp] JupyterLab application directory is /export/scratch2/home/savvina/new_environment/conda/envs/elliot_env/share/jupyter/lab
[I 2024-02-13 13:30:05.837 LabApp] Extension Manager is 'pypi'.
[I 2024-02-13 13:30:05.840 ServerApp] jupyterlab | extension was successfully loaded.
[I 2024-02-13 13:30:05.843 ServerApp] notebook | extension was successfully loaded.
[I 2024-02-13 13:30:05.844 ServerApp] Serving notebooks from local directory: /export/scratch2/home/savvina/new_environment/Elliot
[I 2024-02-13 13:30:05.844 ServerApp] Jupyter Server 2.12.5 is running at:
[I 2024-02-13 13:30:05.844 ServerApp] http://localhost:8888/tree?token=380f82803d9189adec861a1cc64c7f3a0e302727398d7326
[I 2024-02-13 13:30:05.844 ServerApp]     http://127.0.0.1:8888/tree?token=380f82803d9189adec861a1cc64c7f3a0e302727398d7326
[I 2024-02-13 13:30:05.844 ServerApp] Use Control-C to stop this server and shut down all kernels (twice to skip confirmation).
[C 2024-02-13 13:30:05.847 ServerApp] 
    
    To access the server, open this file in a browser:
        file:///export/scratch2/home/savvina/.local/share/jupyter/runtime/jpserver-60446-open.html
    Or copy and paste one of these URLs:
        http://localhost:8888/tree?token=380f82803d9189adec861a1cc64c7f3a0e302727398d7326
        http://127.0.0.1:8888/tree?token=380f82803d9189adec861a1cc64c7f3a0e302727398d7326
[I 2024-02-13 13:30:07.897 ServerApp] Skipped non-installed server(s): bash-language-server, dockerfile-language-server-nodejs, javascript-typescript-langserver, jedi-language-server, julia-language-server, pyright, python-language-server, python-lsp-server, r-languageserver, sql-language-server, texlab, typescript-language-server, unified-language-server, vscode-css-languageserver-bin, vscode-html-languageserver-bin, vscode-json-languageserver-bin, yaml-language-server
[I 2024-02-13 13:30:47.131 ServerApp] 302 GET /?token=[secret] (@127.0.0.1) 1.53ms
[W 2024-02-13 13:31:16.060 ServerApp] Clearing invalid/expired login cookie username-127-0-0-1-8888
[I 2024-02-13 13:31:16.061 JupyterNotebookApp] 302 GET /tree (@127.0.0.1) 1.90ms
[I 2024-02-13 13:31:25.850 ServerApp] User b05ce82a73d844b4a0a11c10edf6043f logged in.
[I 2024-02-13 13:31:25.851 ServerApp] 302 POST /login?next=%2Ftree (b05ce82a73d844b4a0a11c10edf6043f@127.0.0.1) 2.35ms
[I 2024-02-13 13:37:04.493 ServerApp] Creating new notebook in 
[I 2024-02-13 13:37:11.181 ServerApp] Kernel started: 710d78a4-6ba7-40ab-ab52-dc24877f2249
[I 2024-02-13 13:37:11.807 ServerApp] Connecting to kernel 710d78a4-6ba7-40ab-ab52-dc24877f2249.
[I 2024-02-13 13:39:06.849 ServerApp] Saving file at /First try.ipynb
[I 2024-02-13 13:41:06.952 ServerApp] Saving file at /First try.ipynb
[I 2024-02-13 13:43:07.015 ServerApp] Saving file at /First try.ipynb
[I 2024-02-13 13:45:07.062 ServerApp] Saving file at /First try.ipynb
[I 2024-02-13 13:46:42.759 ServerApp] Kernel restarted: 710d78a4-6ba7-40ab-ab52-dc24877f2249
[I 2024-02-13 13:46:42.775 ServerApp] Starting buffering for 710d78a4-6ba7-40ab-ab52-dc24877f2249:2ffafce9-586a-419c-8fa2-61c0d7d36157
[I 2024-02-13 13:46:42.792 ServerApp] Connecting to kernel 710d78a4-6ba7-40ab-ab52-dc24877f2249.
[I 2024-02-13 13:46:42.792 ServerApp] Restoring connection for 710d78a4-6ba7-40ab-ab52-dc24877f2249:2ffafce9-586a-419c-8fa2-61c0d7d36157
[I 2024-02-13 13:47:07.119 ServerApp] Saving file at /First try.ipynb
2024-02-13 13:48:27.340718: W tensorflow/stream_executor/platform/default/dso_loader.cc:59] Could not load dynamic library 'libcudart.so.10.1'; dlerror: libcudart.so.10.1: cannot open shared object file: No such file or directory
2024-02-13 13:48:27.340764: I tensorflow/stream_executor/cuda/cudart_stub.cc:29] Ignore above cudart dlerror if you do not have a GPU set up on your machine.
[I 2024-02-13 13:49:07.172 ServerApp] Saving file at /First try.ipynb
[I 2024-02-13 13:51:08.065 ServerApp] Saving file at /First try.ipynb
[I 2024-02-13 13:53:09.057 ServerApp] Saving file at /First try.ipynb
[I 2024-02-13 13:53:34.215 ServerApp] Creating new file in /elliot/config_files
[I 2024-02-13 13:56:49.277 ServerApp] Copying First try.ipynb to 
[I 2024-02-13 13:56:52.210 ServerApp] Starting buffering for 710d78a4-6ba7-40ab-ab52-dc24877f2249:2ffafce9-586a-419c-8fa2-61c0d7d36157
[I 2024-02-13 13:56:52.830 ServerApp] Kernel started: 426060dc-bf09-4904-ab96-c21f6cda5563
[I 2024-02-13 13:56:53.513 ServerApp] Connecting to kernel 426060dc-bf09-4904-ab96-c21f6cda5563.
[I 2024-02-13 13:58:16.163 ServerApp] Saving file at /elliot/config_files/sample_hello_world.yml
[I 2024-02-13 13:58:18.149 ServerApp] Saving file at /elliot/config_files/savvina_config.yml
[I 2024-02-13 13:58:52.724 ServerApp] Saving file at /Second try.ipynb
2024-02-13 13:59:14.998721: W tensorflow/stream_executor/platform/default/dso_loader.cc:59] Could not load dynamic library 'libcudart.so.10.1'; dlerror: libcudart.so.10.1: cannot open shared object file: No such file or directory
2024-02-13 13:59:14.998770: I tensorflow/stream_executor/cuda/cudart_stub.cc:29] Ignore above cudart dlerror if you do not have a GPU set up on your machine.
[I 2024-02-13 13:59:37.506 ServerApp] Saving file at /elliot/config_files/savvina_config.yml
[I 2024-02-13 14:00:52.780 ServerApp] Saving file at /Second try.ipynb
[I 2024-02-13 14:02:52.843 ServerApp] Saving file at /Second try.ipynb
[I 2024-02-13 14:04:51.141 ServerApp] Creating new directory in /elliot/data
[I 2024-02-13 14:05:17.335 ServerApp] Uploading file to /elliot/data/fairbook/fairbook_events.csv
[I 2024-02-13 14:05:17.396 ServerApp] Saving file at /elliot/data/fairbook/fairbook_events.csv
[I 2024-02-13 14:05:34.689 ServerApp] Saving file at /elliot/config_files/savvina_config.yml
[I 2024-02-13 14:06:54.030 ServerApp] Saving file at /Second try.ipynb
[I 2024-02-13 14:10:55.039 ServerApp] Saving file at /Second try.ipynb
[I 2024-02-13 14:12:22.798 ServerApp] Saving file at /elliot/config_files/savvina_config.yml
[I 2024-02-13 14:12:24.551 ServerApp] Saving file at /elliot/config_files/savvina_config.yml
[I 2024-02-13 14:12:56.018 ServerApp] Saving file at /Second try.ipynb
[I 2024-02-13 14:14:57.052 ServerApp] Saving file at /Second try.ipynb
[I 2024-02-13 14:16:57.116 ServerApp] Saving file at /Second try.ipynb
[I 2024-02-13 14:18:57.164 ServerApp] Saving file at /Second try.ipynb
[I 2024-02-13 14:20:58.007 ServerApp] Saving file at /Second try.ipynb
[I 2024-02-13 14:22:59.014 ServerApp] Saving file at /Second try.ipynb
